  Project3A.cpp
C:\Users\aaron\source\repos\Project3.2\Project3.2\Particle.h(31,15): warning C4244: '=': conversion from 'double' to 'float', possible loss of data
C:\Users\aaron\source\repos\Project3.2\Project3.2\Particle.h(32,15): warning C4244: '=': conversion from 'double' to 'float', possible loss of data
C:\Users\aaron\source\repos\Project3.2\Project3.2\bhTree.h(19,14): warning C4244: 'initializing': conversion from 'double' to 'float', possible loss of data
C:\Users\aaron\source\repos\Project3.2\Project3.2\bhTree.h(21,36): warning C4244: '=': conversion from 'double' to 'float', possible loss of data
C:\Users\aaron\source\repos\Project3.2\Project3.2\bhTree.h(81,102): warning C4244: '=': conversion from 'double' to 'float', possible loss of data
C:\Users\aaron\source\repos\Project3.2\Project3.2\bhTree.h(82,102): warning C4244: '=': conversion from 'double' to 'float', possible loss of data
C:\Users\aaron\source\repos\Project3.2\Project3.2\bhTree.h(197,102): warning C4244: '=': conversion from 'double' to 'float', possible loss of data
C:\Users\aaron\source\repos\Project3.2\Project3.2\bhTree.h(198,102): warning C4244: '=': conversion from 'double' to 'float', possible loss of data
C:\Users\aaron\source\repos\Project3.2\Project3.2\bhTree.h(306,28): warning C4244: 'argument': conversion from 'int' to 'float', possible loss of data
C:\Users\aaron\source\repos\Project3.2\Project3.2\Rand.h(12,31): warning C4244: '=': conversion from 'double' to 'float', possible loss of data
C:\Users\aaron\source\repos\Project3.2\Project3.2\Project3A.cpp(32,30): warning C4273: 'sf::Transformable::getX': inconsistent dll linkage
C:\Users\aaron\source\repos\Project3.2\Project3.2\SFML-2.5.1-windows-vc15-64-bit\SFML-2.5.1\include\SFML\Graphics\Transformable.hpp(178,12): message : see previous definition of 'getX'
C:\Users\aaron\source\repos\Project3.2\Project3.2\Project3A.cpp(35,30): warning C4273: 'sf::Transformable::getY': inconsistent dll linkage
C:\Users\aaron\source\repos\Project3.2\Project3.2\SFML-2.5.1-windows-vc15-64-bit\SFML-2.5.1\include\SFML\Graphics\Transformable.hpp(179,12): message : see previous definition of 'getY'
C:\Users\aaron\source\repos\Project3.2\Project3.2\Project3A.cpp(38,33): warning C4273: 'sf::Transformable::updatePos': inconsistent dll linkage
C:\Users\aaron\source\repos\Project3.2\Project3.2\SFML-2.5.1-windows-vc15-64-bit\SFML-2.5.1\include\SFML\Graphics\Transformable.hpp(180,10): message : see previous definition of 'updatePos'
C:\Users\aaron\source\repos\Project3.2\Project3.2\Project3A.cpp(86,134): warning C4244: 'argument': conversion from 'double' to 'float', possible loss of data
C:\Users\aaron\source\repos\Project3.2\Project3.2\Project3A.cpp(140,27): warning C4305: 'argument': truncation from 'double' to 'float'
C:\Users\aaron\source\repos\Project3.2\Project3.2\Project3A.cpp(141,44): warning C4244: '=': conversion from 'float' to 'int', possible loss of data
C:\Users\aaron\source\repos\Project3.2\Project3.2\Project3A.cpp(144,40): warning C4305: 'argument': truncation from 'double' to 'float'
C:\Users\aaron\source\repos\Project3.2\Project3.2\Project3A.cpp(149,27): warning C4305: 'argument': truncation from 'double' to 'float'
C:\Users\aaron\source\repos\Project3.2\Project3.2\Project3A.cpp(150,44): warning C4244: '=': conversion from 'float' to 'int', possible loss of data
C:\Users\aaron\source\repos\Project3.2\Project3.2\Project3A.cpp(152,39): warning C4305: 'argument': truncation from 'double' to 'float'
C:\Users\aaron\source\repos\Project3.2\Project3.2\Project3A.cpp(158,57): warning C4244: 'argument': conversion from 'double' to 'float', possible loss of data
C:\Users\aaron\source\repos\Project3.2\Project3.2\Project3A.cpp(166,57): warning C4244: 'argument': conversion from 'double' to 'float', possible loss of data
C:\Users\aaron\source\repos\Project3.2\Project3.2\Project3A.cpp(282,13): warning C4244: 'initializing': conversion from 'double' to 'float', possible loss of data
C:\Users\aaron\source\repos\Project3.2\Project3.2\Project3A.cpp(286,17): warning C4244: 'initializing': conversion from 'double' to 'float', possible loss of data
C:\Users\aaron\source\repos\Project3.2\Project3.2\Project3A.cpp(288,43): warning C4244: '=': conversion from 'double' to 'float', possible loss of data
C:\Users\aaron\source\repos\Project3.2\Project3.2\Project3A.cpp(489,37): warning C4305: 'argument': truncation from 'double' to 'T'
          with
          [
              T=float
          ]
C:\Users\aaron\source\repos\Project3.2\Project3.2\Project3A.cpp(494,47): warning C4305: 'argument': truncation from 'double' to 'T'
          with
          [
              T=float
          ]
     Creating library C:\Users\aaron\source\repos\Project3.2\x64\Debug\Project3.2.lib and object C:\Users\aaron\source\repos\Project3.2\x64\Debug\Project3.2.exp
  Project3.2.vcxproj -> C:\Users\aaron\source\repos\Project3.2\x64\Debug\Project3.2.exe
